<?xml version="1.0" encoding="UTF-8"?>
<!-- Generated by org.testng.reporters.JUnitXMLReporter -->
<testsuite ignored="0" hostname="DESKTOP-QDVRERG" failures="3" tests="6" name="Chrome Browser Test" time="221.263" errors="0" timestamp="19 May 2022 13:43:47 GMT">
  <testcase classname="executeClass.ExecuteLoginPage" name="verifyTheLoginPageWithURL" time="0.029"/>
  <testcase classname="executeClass.ExecuteLoginPage" name="isRememberMeCheckBoxSelected" time="0.648"/>
  <testcase classname="executeClass.ExecuteLoginPage" name="verifyUnsuccessfulLogin" time="1.955">
    <failure type="java.lang.AssertionError" message="expected [Dashboard | 7rmart supermarket] but found [Login | 7rmart supermarket]">
      <![CDATA[java.lang.AssertionError: expected [Dashboard | 7rmart supermarket] but found [Login | 7rmart supermarket]
at executeClass.ExecuteLoginPage.verifyUnsuccessfulLogin(ExecuteLoginPage.java:53)
at java.base/java.util.concurrent.FutureTask.run(FutureTask.java:264)
at java.base/java.util.concurrent.ThreadPoolExecutor.runWorker(ThreadPoolExecutor.java:1136)
at java.base/java.util.concurrent.ThreadPoolExecutor$Worker.run(ThreadPoolExecutor.java:635)
at java.base/java.lang.Thread.run(Thread.java:833)
... Removed 22 stack frames]]>
    </failure>
  </testcase> <!-- verifyUnsuccessfulLogin -->
  <testcase classname="executeClass.ExecuteLoginPage" name="verifyUnsuccessfulLogin" time="0.949">
    <failure type="java.lang.AssertionError" message="expected [Dashboard | 7rmart supermarket] but found [Login | 7rmart supermarket]">
      <![CDATA[java.lang.AssertionError: expected [Dashboard | 7rmart supermarket] but found [Login | 7rmart supermarket]
at executeClass.ExecuteLoginPage.verifyUnsuccessfulLogin(ExecuteLoginPage.java:53)
at java.base/java.util.concurrent.FutureTask.run(FutureTask.java:264)
at java.base/java.util.concurrent.ThreadPoolExecutor.runWorker(ThreadPoolExecutor.java:1136)
at java.base/java.util.concurrent.ThreadPoolExecutor$Worker.run(ThreadPoolExecutor.java:635)
at java.base/java.lang.Thread.run(Thread.java:833)
... Removed 22 stack frames]]>
    </failure>
  </testcase> <!-- verifyUnsuccessfulLogin -->
  <testcase classname="executeClass.ExecuteLoginPage" name="verifyUnsuccessfulLogin" time="1.087">
    <failure type="java.lang.AssertionError" message="expected [Dashboard | 7rmart supermarket] but found [Login | 7rmart supermarket]">
      <![CDATA[java.lang.AssertionError: expected [Dashboard | 7rmart supermarket] but found [Login | 7rmart supermarket]
at executeClass.ExecuteLoginPage.verifyUnsuccessfulLogin(ExecuteLoginPage.java:53)
at java.base/java.util.concurrent.FutureTask.run(FutureTask.java:264)
at java.base/java.util.concurrent.ThreadPoolExecutor.runWorker(ThreadPoolExecutor.java:1136)
at java.base/java.util.concurrent.ThreadPoolExecutor$Worker.run(ThreadPoolExecutor.java:635)
at java.base/java.lang.Thread.run(Thread.java:833)
... Removed 22 stack frames]]>
    </failure>
  </testcase> <!-- verifyUnsuccessfulLogin -->
  <testcase classname="executeClass.ExecuteLoginPage" name="verifySuccessfullLogin" time="12.86"/>
</testsuite> <!-- Chrome Browser Test -->
